2016-12-12 13:03:38,656 [Worker-20] ERROR o.e.m.c.i.p.ProjectConfigurationManager - Project casper already exists
2016-12-12 13:03:39,681 [Worker-20] INFO  o.e.m.c.i.l.LifecycleMappingFactory - Using NULL lifecycle mapping for MavenProject: com.egencia.webapp.casper:casper-parent:1.0.0-SNAPSHOT @ /Users/sparakh/casper/casper/pom.xml.
2016-12-12 13:03:40,236 [Worker-20] INFO  o.e.m.c.i.l.LifecycleMappingFactory - Using org.eclipse.m2e.jdt.JarLifecycleMapping lifecycle mapping for MavenProject: com.egencia.webapp.casper:casper-acceptance:1.0.0-SNAPSHOT @ /Users/sparakh/casper/casper/casper-acceptance/pom.xml.
2016-12-12 13:03:42,120 [Worker-20] INFO  o.e.m.j.i.AbstractJavaProjectConfigurator - Adding source folder /casper-acceptance/src/main/java
2016-12-12 13:03:42,130 [Worker-20] INFO  o.e.m.j.i.AbstractJavaProjectConfigurator - Adding source folder /casper-acceptance/src/test/java
2016-12-12 13:03:42,130 [Worker-20] INFO  o.e.m.j.i.AbstractJavaProjectConfigurator - Adding resource folder /casper-acceptance/src/test/resources
2016-12-12 13:03:42,823 [Worker-20] INFO  o.e.m.c.i.p.ProjectConfigurationManager - Imported and configured 3 project(s) in 4 sec
2016-12-12 13:03:47,140 [Worker-25] INFO  o.e.m.i.discovery.MavenDiscovery - No lifecyle mapping found at jar:file:/var/folders/98/m4t3zj8x58n0gm6p_jxrj_c152hl8g/T/RemoteBundleDiscoveryStrategy8937870710756487213.tmp/org.eclipse.m2e.discovery.oss_catalog_1.6.jar_3726323248964773769.jar!/lifecycle%2Forg.eclipse.m2e.discovery.lifecyclemapping.m2e-egit.xml
2016-12-12 13:03:47,141 [Worker-25] WARN  o.e.m.i.discovery.MavenDiscovery - CatalogItem org.eclipse.m2e.discovery.lifecyclemapping.m2e-egit does not contain lifecycle mapping metadata
2016-12-12 13:03:47,141 [Worker-25] INFO  o.e.m.i.discovery.MavenDiscovery - No lifecyle mapping found at jar:file:/var/folders/98/m4t3zj8x58n0gm6p_jxrj_c152hl8g/T/RemoteBundleDiscoveryStrategy8937870710756487213.tmp/org.eclipse.m2e.discovery.oss_catalog_1.6.jar_3726323248964773769.jar!/lifecycle%2Forg.eclipse.m2e.discovery.lifecyclemapping.m2e-subversive.xml
2016-12-12 13:03:47,141 [Worker-25] WARN  o.e.m.i.discovery.MavenDiscovery - CatalogItem org.eclipse.m2e.discovery.lifecyclemapping.m2e-subversive does not contain lifecycle mapping metadata
2016-12-12 13:03:49,579 [Worker-25] INFO  o.e.m.c.i.embedder.EclipseLogger - Using 'UTF-8' encoding to copy filtered resources.
2016-12-12 13:03:49,580 [Worker-25] INFO  o.e.m.c.i.embedder.EclipseLogger - skip non existing resourceDirectory /Users/sparakh/casper/casper/casper-acceptance/src/main/resources
2016-12-12 13:03:49,581 [Worker-25] INFO  o.e.m.c.i.embedder.EclipseLogger - Using 'UTF-8' encoding to copy filtered resources.
2016-12-12 13:03:49,585 [Worker-25] INFO  o.e.m.c.i.embedder.EclipseLogger - Copying 1 resource
2016-12-12 13:06:04,007 [Worker-30] INFO  o.e.m.c.i.embedder.EclipseLogger - Using 'UTF-8' encoding to copy filtered resources.
2016-12-12 13:06:04,007 [Worker-30] INFO  o.e.m.c.i.embedder.EclipseLogger - skip non existing resourceDirectory /Users/sparakh/casper/casper/casper-acceptance/src/main/resources
2016-12-12 13:06:04,009 [Worker-30] INFO  o.e.m.c.i.embedder.EclipseLogger - Using 'UTF-8' encoding to copy filtered resources.
2016-12-12 13:06:04,010 [Worker-30] INFO  o.e.m.c.i.embedder.EclipseLogger - Copying 0 resource
2016-12-12 13:06:06,446 [Worker-27] INFO  o.e.m.c.i.embedder.EclipseLogger - Using 'UTF-8' encoding to copy filtered resources.
2016-12-12 13:06:06,446 [Worker-27] INFO  o.e.m.c.i.embedder.EclipseLogger - skip non existing resourceDirectory /Users/sparakh/casper/casper/casper-acceptance/src/main/resources
2016-12-12 13:06:06,447 [Worker-27] INFO  o.e.m.c.i.embedder.EclipseLogger - Using 'UTF-8' encoding to copy filtered resources.
2016-12-12 13:06:06,447 [Worker-27] INFO  o.e.m.c.i.embedder.EclipseLogger - Copying 0 resource
2016-12-12 13:07:34,689 [Worker-31] INFO  o.e.m.c.i.embedder.EclipseLogger - Using 'UTF-8' encoding to copy filtered resources.
2016-12-12 13:07:34,689 [Worker-31] INFO  o.e.m.c.i.embedder.EclipseLogger - skip non existing resourceDirectory /Users/sparakh/casper/casper/casper-acceptance/src/main/resources
2016-12-12 13:07:34,690 [Worker-31] INFO  o.e.m.c.i.embedder.EclipseLogger - Using 'UTF-8' encoding to copy filtered resources.
2016-12-12 13:07:34,690 [Worker-31] INFO  o.e.m.c.i.embedder.EclipseLogger - Copying 0 resource
2016-12-12 13:09:02,340 [Worker-17] INFO  o.e.m.c.i.embedder.EclipseLogger - Using 'UTF-8' encoding to copy filtered resources.
2016-12-12 13:09:02,342 [Worker-17] INFO  o.e.m.c.i.embedder.EclipseLogger - skip non existing resourceDirectory /Users/sparakh/casper/casper/casper-acceptance/src/main/resources
2016-12-12 13:09:02,343 [Worker-17] INFO  o.e.m.c.i.embedder.EclipseLogger - Using 'UTF-8' encoding to copy filtered resources.
2016-12-12 13:09:02,344 [Worker-17] INFO  o.e.m.c.i.embedder.EclipseLogger - Copying 0 resource
